0 verbose cli /usr/local/bin/node /usr/local/bin/npm
1 info using npm@11.5.1
2 info using node@v24.6.0
3 silly config load:file:/usr/local/lib/node_modules/npm/npmrc
4 silly config load:file:/Users/59slemar/Desktop/Projects/intercom/frontend/.npmrc
5 silly config load:file:/Users/59slemar/.npmrc
6 silly config load:file:/usr/local/etc/npmrc
7 verbose title npm install
8 verbose argv "install" "--cache" "../.npm-cache"
9 verbose logfile logs-max:10 dir:/Users/59slemar/Desktop/Projects/intercom/.npm-cache/_logs/2026-06-26T14_11_11_274Z-
10 verbose logfile /Users/59slemar/Desktop/Projects/intercom/.npm-cache/_logs/2026-06-26T14_11_11_274Z-debug-0.log
11 silly logfile done cleaning log files
12 silly packumentCache heap:4496293888 maxSize:1124073472 maxEntrySize:562036736
13 silly idealTree buildDeps
14 verbose shrinkwrap failed to load node_modules/.package-lock.json out of date, updated: node_modules
15 silly reify moves {}
16 silly audit bulk request {
16 silly audit   '@alloc/quick-lru': [ '5.2.0' ],
16 silly audit   '@babel/code-frame': [ '7.29.7' ],
16 silly audit   '@babel/compat-data': [ '7.29.7' ],
16 silly audit   '@babel/core': [ '7.29.7' ],
16 silly audit   '@babel/generator': [ '7.29.7' ],
16 silly audit   '@babel/helper-compilation-targets': [ '7.29.7' ],
16 silly audit   '@babel/helper-globals': [ '7.29.7' ],
16 silly audit   '@babel/helper-module-imports': [ '7.29.7' ],
16 silly audit   '@babel/helper-module-transforms': [ '7.29.7' ],
16 silly audit   '@babel/helper-plugin-utils': [ '7.29.7' ],
16 silly audit   '@babel/helper-string-parser': [ '7.29.7' ],
16 silly audit   '@babel/helper-validator-identifier': [ '7.29.7' ],
16 silly audit   '@babel/helper-validator-option': [ '7.29.7' ],
16 silly audit   '@babel/helpers': [ '7.29.7' ],
16 silly audit   '@babel/parser': [ '7.29.7' ],
16 silly audit   '@babel/plugin-transform-react-jsx-self': [ '7.29.7' ],
16 silly audit   '@babel/plugin-transform-react-jsx-source': [ '7.29.7' ],
16 silly audit   '@babel/template': [ '7.29.7' ],
16 silly audit   '@babel/traverse': [ '7.29.7' ],
16 silly audit   '@babel/types': [ '7.29.7' ],
16 silly audit   '@esbuild/aix-ppc64': [ '0.28.1' ],
16 silly audit   '@esbuild/android-arm': [ '0.28.1' ],
16 silly audit   '@esbuild/android-arm64': [ '0.28.1' ],
16 silly audit   '@esbuild/android-x64': [ '0.28.1' ],
16 silly audit   '@esbuild/darwin-arm64': [ '0.28.1' ],
16 silly audit   '@esbuild/darwin-x64': [ '0.28.1' ],
16 silly audit   '@esbuild/freebsd-arm64': [ '0.28.1' ],
16 silly audit   '@esbuild/freebsd-x64': [ '0.28.1' ],
16 silly audit   '@esbuild/linux-arm': [ '0.28.1' ],
16 silly audit   '@esbuild/linux-arm64': [ '0.28.1' ],
16 silly audit   '@esbuild/linux-ia32': [ '0.28.1' ],
16 silly audit   '@esbuild/linux-loong64': [ '0.28.1' ],
16 silly audit   '@esbuild/linux-mips64el': [ '0.28.1' ],
16 silly audit   '@esbuild/linux-ppc64': [ '0.28.1' ],
16 silly audit   '@esbuild/linux-riscv64': [ '0.28.1' ],
16 silly audit   '@esbuild/linux-s390x': [ '0.28.1' ],
16 silly audit   '@esbuild/linux-x64': [ '0.28.1' ],
16 silly audit   '@esbuild/netbsd-arm64': [ '0.28.1' ],
16 silly audit   '@esbuild/netbsd-x64': [ '0.28.1' ],
16 silly audit   '@esbuild/openbsd-arm64': [ '0.28.1' ],
16 silly audit   '@esbuild/openbsd-x64': [ '0.28.1' ],
16 silly audit   '@esbuild/openharmony-arm64': [ '0.28.1' ],
16 silly audit   '@esbuild/sunos-x64': [ '0.28.1' ],
16 silly audit   '@esbuild/win32-arm64': [ '0.28.1' ],
16 silly audit   '@esbuild/win32-ia32': [ '0.28.1' ],
16 silly audit   '@esbuild/win32-x64': [ '0.28.1' ],
16 silly audit   '@jridgewell/gen-mapping': [ '0.3.13' ],
16 silly audit   '@jridgewell/remapping': [ '2.3.5' ],
16 silly audit   '@jridgewell/resolve-uri': [ '3.1.2' ],
16 silly audit   '@jridgewell/sourcemap-codec': [ '1.5.5' ],
16 silly audit   '@jridgewell/trace-mapping': [ '0.3.31' ],
16 silly audit   '@nodelib/fs.scandir': [ '2.1.5' ],
16 silly audit   '@nodelib/fs.stat': [ '2.0.5' ],
16 silly audit   '@nodelib/fs.walk': [ '1.2.8' ],
16 silly audit   '@rolldown/pluginutils': [ '1.0.0-rc.3' ],
16 silly audit   '@rollup/rollup-android-arm-eabi': [ '4.62.2' ],
16 silly audit   '@rollup/rollup-android-arm64': [ '4.62.2' ],
16 silly audit   '@rollup/rollup-darwin-arm64': [ '4.62.2' ],
16 silly audit   '@rollup/rollup-darwin-x64': [ '4.62.2' ],
16 silly audit   '@rollup/rollup-freebsd-arm64': [ '4.62.2' ],
16 silly audit   '@rollup/rollup-freebsd-x64': [ '4.62.2' ],
16 silly audit   '@rollup/rollup-linux-arm-gnueabihf': [ '4.62.2' ],
16 silly audit   '@rollup/rollup-linux-arm-musleabihf': [ '4.62.2' ],
16 silly audit   '@rollup/rollup-linux-arm64-gnu': [ '4.62.2' ],
16 silly audit   '@rollup/rollup-linux-arm64-musl': [ '4.62.2' ],
16 silly audit   '@rollup/rollup-linux-loong64-gnu': [ '4.62.2' ],
16 silly audit   '@rollup/rollup-linux-loong64-musl': [ '4.62.2' ],
16 silly audit   '@rollup/rollup-linux-ppc64-gnu': [ '4.62.2' ],
16 silly audit   '@rollup/rollup-linux-ppc64-musl': [ '4.62.2' ],
16 silly audit   '@rollup/rollup-linux-riscv64-gnu': [ '4.62.2' ],
16 silly audit   '@rollup/rollup-linux-riscv64-musl': [ '4.62.2' ],
16 silly audit   '@rollup/rollup-linux-s390x-gnu': [ '4.62.2' ],
16 silly audit   '@rollup/rollup-linux-x64-gnu': [ '4.62.2' ],
16 silly audit   '@rollup/rollup-linux-x64-musl': [ '4.62.2' ],
16 silly audit   '@rollup/rollup-openbsd-x64': [ '4.62.2' ],
16 silly audit   '@rollup/rollup-openharmony-arm64': [ '4.62.2' ],
16 silly audit   '@rollup/rollup-win32-arm64-msvc': [ '4.62.2' ],
16 silly audit   '@rollup/rollup-win32-ia32-msvc': [ '4.62.2' ],
16 silly audit   '@rollup/rollup-win32-x64-gnu': [ '4.62.2' ],
16 silly audit   '@rollup/rollup-win32-x64-msvc': [ '4.62.2' ],
16 silly audit   '@types/babel__core': [ '7.20.5' ],
16 silly audit   '@types/babel__generator': [ '7.27.0' ],
16 silly audit   '@types/babel__template': [ '7.4.4' ],
16 silly audit   '@types/babel__traverse': [ '7.28.0' ],
16 silly audit   '@types/estree': [ '1.0.9' ],
16 silly audit   '@types/react': [ '19.2.17' ],
16 silly audit   '@types/react-dom': [ '19.2.3' ],
16 silly audit   '@vitejs/plugin-react': [ '5.2.0' ],
16 silly audit   'any-promise': [ '1.3.0' ],
16 silly audit   anymatch: [ '3.1.3' ],
16 silly audit   arg: [ '5.0.2' ],
16 silly audit   autoprefixer: [ '10.5.2' ],
16 silly audit   'baseline-browser-mapping': [ '2.10.40' ],
16 silly audit   'binary-extensions': [ '2.3.0' ],
16 silly audit   braces: [ '3.0.3' ],
16 silly audit   browserslist: [ '4.28.4' ],
16 silly audit   'camelcase-css': [ '2.0.1' ],
16 silly audit   'caniuse-lite': [ '1.0.30001799' ],
16 silly audit   chokidar: [ '3.6.0' ],
16 silly audit   'glob-parent': [ '5.1.2', '6.0.2' ],
16 silly audit   commander: [ '4.1.1' ],
16 silly audit   'convert-source-map': [ '2.0.0' ],
16 silly audit   cssesc: [ '3.0.0' ],
16 silly audit   csstype: [ '3.2.3' ],
16 silly audit   debug: [ '4.4.3' ],
16 silly audit   didyoumean: [ '1.2.2' ],
16 silly audit   dlv: [ '1.1.3' ],
16 silly audit   'electron-to-chromium': [ '1.5.379' ],
16 silly audit   'es-errors': [ '1.3.0' ],
16 silly audit   esbuild: [ '0.28.1' ],
16 silly audit   escalade: [ '3.2.0' ],
16 silly audit   'fast-glob': [ '3.3.3' ],
16 silly audit   fastq: [ '1.20.1' ],
16 silly audit   'fill-range': [ '7.1.1' ],
16 silly audit   'fraction.js': [ '5.3.4' ],
16 silly audit   fsevents: [ '2.3.3' ],
16 silly audit   'function-bind': [ '1.1.2' ],
16 silly audit   gensync: [ '1.0.0-beta.2' ],
16 silly audit   hasown: [ '2.0.4' ],
16 silly audit   'is-binary-path': [ '2.1.0' ],
16 silly audit   'is-core-module': [ '2.16.2' ],
16 silly audit   'is-extglob': [ '2.1.1' ],
16 silly audit   'is-glob': [ '4.0.3' ],
16 silly audit   'is-number': [ '7.0.0' ],
16 silly audit   jiti: [ '1.21.7' ],
16 silly audit   'js-tokens': [ '4.0.0' ],
16 silly audit   jsesc: [ '3.1.0' ],
16 silly audit   json5: [ '2.2.3' ],
16 silly audit   lilconfig: [ '3.1.3' ],
16 silly audit   'lines-and-columns': [ '1.2.4' ],
16 silly audit   'lru-cache': [ '5.1.1' ],
16 silly audit   merge2: [ '1.4.1' ],
16 silly audit   micromatch: [ '4.0.8' ],
16 silly audit   ms: [ '2.1.3' ],
16 silly audit   mz: [ '2.7.0' ],
16 silly audit   nanoid: [ '3.3.15' ],
16 silly audit   'node-releases': [ '2.0.50' ],
16 silly audit   'normalize-path': [ '3.0.0' ],
16 silly audit   'object-assign': [ '4.1.1' ],
16 silly audit   'object-hash': [ '3.0.0' ],
16 silly audit   'path-parse': [ '1.0.7' ],
16 silly audit   picocolors: [ '1.1.1' ],
16 silly audit   picomatch: [ '2.3.2', '4.0.4' ],
16 silly audit   pify: [ '2.3.0' ],
16 silly audit   pirates: [ '4.0.7' ],
16 silly audit   postcss: [ '8.5.15' ],
16 silly audit   'postcss-import': [ '15.1.0' ],
16 silly audit   'postcss-js': [ '4.1.0' ],
16 silly audit   'postcss-load-config': [ '6.0.1' ],
16 silly audit   'postcss-nested': [ '6.2.0' ],
16 silly audit   'postcss-selector-parser': [ '6.1.4' ],
16 silly audit   'postcss-value-parser': [ '4.2.0' ],
16 silly audit   'queue-microtask': [ '1.2.3' ],
16 silly audit   react: [ '19.2.7' ],
16 silly audit   'react-dom': [ '19.2.7' ],
16 silly audit   'react-refresh': [ '0.18.0' ],
16 silly audit   'read-cache': [ '1.0.0' ],
16 silly audit   readdirp: [ '3.6.0' ],
16 silly audit   resolve: [ '1.22.12' ],
16 silly audit   reusify: [ '1.1.0' ],
16 silly audit   rollup: [ '4.62.2' ],
16 silly audit   'run-parallel': [ '1.2.0' ],
16 silly audit   scheduler: [ '0.27.0' ],
16 silly audit   semver: [ '6.3.1' ],
16 silly audit   'source-map-js': [ '1.2.1' ],
16 silly audit   sucrase: [ '3.35.1' ],
16 silly audit   'supports-preserve-symlinks-flag': [ '1.0.0' ],
16 silly audit   tailwindcss: [ '3.4.19' ],
16 silly audit   thenify: [ '3.3.1' ],
16 silly audit   'thenify-all': [ '1.6.0' ],
16 silly audit   tinyglobby: [ '0.2.17' ],
16 silly audit   fdir: [ '6.5.0' ],
16 silly audit   'to-regex-range': [ '5.0.1' ],
16 silly audit   'ts-interface-checker': [ '0.1.13' ],
16 silly audit   typescript: [ '5.9.3' ],
16 silly audit   'update-browserslist-db': [ '1.2.3' ],
16 silly audit   'util-deprecate': [ '1.0.2' ],
16 silly audit   vite: [ '7.3.6' ],
16 silly audit   yallist: [ '3.1.1' ],
16 silly audit   zustand: [ '5.0.14' ]
16 silly audit }
17 verbose reify failed optional dependency /Users/59slemar/Desktop/Projects/intercom/frontend/node_modules/@rollup/rollup-win32-x64-msvc
18 silly reify mark deleted [
18 silly reify   '/Users/59slemar/Desktop/Projects/intercom/frontend/node_modules/@rollup/rollup-win32-x64-msvc'
18 silly reify ]
19 verbose reify failed optional dependency /Users/59slemar/Desktop/Projects/intercom/frontend/node_modules/@rollup/rollup-win32-x64-gnu
20 silly reify mark deleted [
20 silly reify   '/Users/59slemar/Desktop/Projects/intercom/frontend/node_modules/@rollup/rollup-win32-x64-gnu'
20 silly reify ]
21 verbose reify failed optional dependency /Users/59slemar/Desktop/Projects/intercom/frontend/node_modules/@rollup/rollup-win32-ia32-msvc
22 silly reify mark deleted [
22 silly reify   '/Users/59slemar/Desktop/Projects/intercom/frontend/node_modules/@rollup/rollup-win32-ia32-msvc'
22 silly reify ]
23 verbose reify failed optional dependency /Users/59slemar/Desktop/Projects/intercom/frontend/node_modules/@rollup/rollup-win32-arm64-msvc
24 silly reify mark deleted [
24 silly reify   '/Users/59slemar/Desktop/Projects/intercom/frontend/node_modules/@rollup/rollup-win32-arm64-msvc'
24 silly reify ]
25 verbose reify failed optional dependency /Users/59slemar/Desktop/Projects/intercom/frontend/node_modules/@rollup/rollup-openharmony-arm64
26 silly reify mark deleted [
26 silly reify   '/Users/59slemar/Desktop/Projects/intercom/frontend/node_modules/@rollup/rollup-openharmony-arm64'
26 silly reify ]
27 verbose reify failed optional dependency /Users/59slemar/Desktop/Projects/intercom/frontend/node_modules/@rollup/rollup-openbsd-x64
28 silly reify mark deleted [
28 silly reify   '/Users/59slemar/Desktop/Projects/intercom/frontend/node_modules/@rollup/rollup-openbsd-x64'
28 silly reify ]
29 verbose reify failed optional dependency /Users/59slemar/Desktop/Projects/intercom/frontend/node_modules/@rollup/rollup-linux-x64-musl
30 silly reify mark deleted [
30 silly reify   '/Users/59slemar/Desktop/Projects/intercom/frontend/node_modules/@rollup/rollup-linux-x64-musl'
30 silly reify ]
31 verbose reify failed optional dependency /Users/59slemar/Desktop/Projects/intercom/frontend/node_modules/@rollup/rollup-linux-x64-gnu
32 silly reify mark deleted [
32 silly reify   '/Users/59slemar/Desktop/Projects/intercom/frontend/node_modules/@rollup/rollup-linux-x64-gnu'
32 silly reify ]
33 verbose reify failed optional dependency /Users/59slemar/Desktop/Projects/intercom/frontend/node_modules/@rollup/rollup-linux-s390x-gnu
34 silly reify mark deleted [
34 silly reify   '/Users/59slemar/Desktop/Projects/intercom/frontend/node_modules/@rollup/rollup-linux-s390x-gnu'
34 silly reify ]
35 verbose reify failed optional dependency /Users/59slemar/Desktop/Projects/intercom/frontend/node_modules/@rollup/rollup-linux-riscv64-musl
36 silly reify mark deleted [
36 silly reify   '/Users/59slemar/Desktop/Projects/intercom/frontend/node_modules/@rollup/rollup-linux-riscv64-musl'
36 silly reify ]
37 verbose reify failed optional dependency /Users/59slemar/Desktop/Projects/intercom/frontend/node_modules/@rollup/rollup-linux-riscv64-gnu
38 silly reify mark deleted [
38 silly reify   '/Users/59slemar/Desktop/Projects/intercom/frontend/node_modules/@rollup/rollup-linux-riscv64-gnu'
38 silly reify ]
39 verbose reify failed optional dependency /Users/59slemar/Desktop/Projects/intercom/frontend/node_modules/@rollup/rollup-linux-ppc64-musl
40 silly reify mark deleted [
40 silly reify   '/Users/59slemar/Desktop/Projects/intercom/frontend/node_modules/@rollup/rollup-linux-ppc64-musl'
40 silly reify ]
41 verbose reify failed optional dependency /Users/59slemar/Desktop/Projects/intercom/frontend/node_modules/@rollup/rollup-linux-ppc64-gnu
42 silly reify mark deleted [
42 silly reify   '/Users/59slemar/Desktop/Projects/intercom/frontend/node_modules/@rollup/rollup-linux-ppc64-gnu'
42 silly reify ]
43 verbose reify failed optional dependency /Users/59slemar/Desktop/Projects/intercom/frontend/node_modules/@rollup/rollup-linux-loong64-musl
44 silly reify mark deleted [
44 silly reify   '/Users/59slemar/Desktop/Projects/intercom/frontend/node_modules/@rollup/rollup-linux-loong64-musl'
44 silly reify ]
45 verbose reify failed optional dependency /Users/59slemar/Desktop/Projects/intercom/frontend/node_modules/@rollup/rollup-linux-loong64-gnu
46 silly reify mark deleted [
46 silly reify   '/Users/59slemar/Desktop/Projects/intercom/frontend/node_modules/@rollup/rollup-linux-loong64-gnu'
46 silly reify ]
47 verbose reify failed optional dependency /Users/59slemar/Desktop/Projects/intercom/frontend/node_modules/@rollup/rollup-linux-arm64-musl
48 silly reify mark deleted [
48 silly reify   '/Users/59slemar/Desktop/Projects/intercom/frontend/node_modules/@rollup/rollup-linux-arm64-musl'
48 silly reify ]
49 verbose reify failed optional dependency /Users/59slemar/Desktop/Projects/intercom/frontend/node_modules/@rollup/rollup-linux-arm64-gnu
50 silly reify mark deleted [
50 silly reify   '/Users/59slemar/Desktop/Projects/intercom/frontend/node_modules/@rollup/rollup-linux-arm64-gnu'
50 silly reify ]
51 verbose reify failed optional dependency /Users/59slemar/Desktop/Projects/intercom/frontend/node_modules/@rollup/rollup-linux-arm-musleabihf
52 silly reify mark deleted [
52 silly reify   '/Users/59slemar/Desktop/Projects/intercom/frontend/node_modules/@rollup/rollup-linux-arm-musleabihf'
52 silly reify ]
53 verbose reify failed optional dependency /Users/59slemar/Desktop/Projects/intercom/frontend/node_modules/@rollup/rollup-linux-arm-gnueabihf
54 silly reify mark deleted [
54 silly reify   '/Users/59slemar/Desktop/Projects/intercom/frontend/node_modules/@rollup/rollup-linux-arm-gnueabihf'
54 silly reify ]
55 verbose reify failed optional dependency /Users/59slemar/Desktop/Projects/intercom/frontend/node_modules/@rollup/rollup-freebsd-x64
56 silly reify mark deleted [
56 silly reify   '/Users/59slemar/Desktop/Projects/intercom/frontend/node_modules/@rollup/rollup-freebsd-x64'
56 silly reify ]
57 verbose reify failed optional dependency /Users/59slemar/Desktop/Projects/intercom/frontend/node_modules/@rollup/rollup-freebsd-arm64
58 silly reify mark deleted [
58 silly reify   '/Users/59slemar/Desktop/Projects/intercom/frontend/node_modules/@rollup/rollup-freebsd-arm64'
58 silly reify ]
59 verbose reify failed optional dependency /Users/59slemar/Desktop/Projects/intercom/frontend/node_modules/@rollup/rollup-darwin-x64
60 silly reify mark deleted [
60 silly reify   '/Users/59slemar/Desktop/Projects/intercom/frontend/node_modules/@rollup/rollup-darwin-x64'
60 silly reify ]
61 verbose reify failed optional dependency /Users/59slemar/Desktop/Projects/intercom/frontend/node_modules/@rollup/rollup-android-arm64
62 silly reify mark deleted [
62 silly reify   '/Users/59slemar/Desktop/Projects/intercom/frontend/node_modules/@rollup/rollup-android-arm64'
62 silly reify ]
63 verbose reify failed optional dependency /Users/59slemar/Desktop/Projects/intercom/frontend/node_modules/@rollup/rollup-android-arm-eabi
64 silly reify mark deleted [
64 silly reify   '/Users/59slemar/Desktop/Projects/intercom/frontend/node_modules/@rollup/rollup-android-arm-eabi'
64 silly reify ]
65 verbose reify failed optional dependency /Users/59slemar/Desktop/Projects/intercom/frontend/node_modules/@esbuild/win32-x64
66 silly reify mark deleted [
66 silly reify   '/Users/59slemar/Desktop/Projects/intercom/frontend/node_modules/@esbuild/win32-x64'
66 silly reify ]
67 verbose reify failed optional dependency /Users/59slemar/Desktop/Projects/intercom/frontend/node_modules/@esbuild/win32-ia32
68 silly reify mark deleted [
68 silly reify   '/Users/59slemar/Desktop/Projects/intercom/frontend/node_modules/@esbuild/win32-ia32'
68 silly reify ]
69 verbose reify failed optional dependency /Users/59slemar/Desktop/Projects/intercom/frontend/node_modules/@esbuild/win32-arm64
70 silly reify mark deleted [
70 silly reify   '/Users/59slemar/Desktop/Projects/intercom/frontend/node_modules/@esbuild/win32-arm64'
70 silly reify ]
71 verbose reify failed optional dependency /Users/59slemar/Desktop/Projects/intercom/frontend/node_modules/@esbuild/sunos-x64
72 silly reify mark deleted [
72 silly reify   '/Users/59slemar/Desktop/Projects/intercom/frontend/node_modules/@esbuild/sunos-x64'
72 silly reify ]
73 verbose reify failed optional dependency /Users/59slemar/Desktop/Projects/intercom/frontend/node_modules/@esbuild/openharmony-arm64
74 silly reify mark deleted [
74 silly reify   '/Users/59slemar/Desktop/Projects/intercom/frontend/node_modules/@esbuild/openharmony-arm64'
74 silly reify ]
75 verbose reify failed optional dependency /Users/59slemar/Desktop/Projects/intercom/frontend/node_modules/@esbuild/openbsd-x64
76 silly reify mark deleted [
76 silly reify   '/Users/59slemar/Desktop/Projects/intercom/frontend/node_modules/@esbuild/openbsd-x64'
76 silly reify ]
77 verbose reify failed optional dependency /Users/59slemar/Desktop/Projects/intercom/frontend/node_modules/@esbuild/openbsd-arm64
78 silly reify mark deleted [
78 silly reify   '/Users/59slemar/Desktop/Projects/intercom/frontend/node_modules/@esbuild/openbsd-arm64'
78 silly reify ]
79 verbose reify failed optional dependency /Users/59slemar/Desktop/Projects/intercom/frontend/node_modules/@esbuild/netbsd-x64
80 silly reify mark deleted [
80 silly reify   '/Users/59slemar/Desktop/Projects/intercom/frontend/node_modules/@esbuild/netbsd-x64'
80 silly reify ]
81 verbose reify failed optional dependency /Users/59slemar/Desktop/Projects/intercom/frontend/node_modules/@esbuild/netbsd-arm64
82 silly reify mark deleted [
82 silly reify   '/Users/59slemar/Desktop/Projects/intercom/frontend/node_modules/@esbuild/netbsd-arm64'
82 silly reify ]
83 verbose reify failed optional dependency /Users/59slemar/Desktop/Projects/intercom/frontend/node_modules/@esbuild/linux-x64
84 silly reify mark deleted [
84 silly reify   '/Users/59slemar/Desktop/Projects/intercom/frontend/node_modules/@esbuild/linux-x64'
84 silly reify ]
85 verbose reify failed optional dependency /Users/59slemar/Desktop/Projects/intercom/frontend/node_modules/@esbuild/linux-s390x
86 silly reify mark deleted [
86 silly reify   '/Users/59slemar/Desktop/Projects/intercom/frontend/node_modules/@esbuild/linux-s390x'
86 silly reify ]
87 verbose reify failed optional dependency /Users/59slemar/Desktop/Projects/intercom/frontend/node_modules/@esbuild/linux-riscv64
88 silly reify mark deleted [
88 silly reify   '/Users/59slemar/Desktop/Projects/intercom/frontend/node_modules/@esbuild/linux-riscv64'
88 silly reify ]
89 verbose reify failed optional dependency /Users/59slemar/Desktop/Projects/intercom/frontend/node_modules/@esbuild/linux-ppc64
90 silly reify mark deleted [
90 silly reify   '/Users/59slemar/Desktop/Projects/intercom/frontend/node_modules/@esbuild/linux-ppc64'
90 silly reify ]
91 verbose reify failed optional dependency /Users/59slemar/Desktop/Projects/intercom/frontend/node_modules/@esbuild/linux-mips64el
92 silly reify mark deleted [
92 silly reify   '/Users/59slemar/Desktop/Projects/intercom/frontend/node_modules/@esbuild/linux-mips64el'
92 silly reify ]
93 verbose reify failed optional dependency /Users/59slemar/Desktop/Projects/intercom/frontend/node_modules/@esbuild/linux-loong64
94 silly reify mark deleted [
94 silly reify   '/Users/59slemar/Desktop/Projects/intercom/frontend/node_modules/@esbuild/linux-loong64'
94 silly reify ]
95 verbose reify failed optional dependency /Users/59slemar/Desktop/Projects/intercom/frontend/node_modules/@esbuild/linux-ia32
96 silly reify mark deleted [
96 silly reify   '/Users/59slemar/Desktop/Projects/intercom/frontend/node_modules/@esbuild/linux-ia32'
96 silly reify ]
97 verbose reify failed optional dependency /Users/59slemar/Desktop/Projects/intercom/frontend/node_modules/@esbuild/linux-arm64
98 silly reify mark deleted [
98 silly reify   '/Users/59slemar/Desktop/Projects/intercom/frontend/node_modules/@esbuild/linux-arm64'
98 silly reify ]
99 verbose reify failed optional dependency /Users/59slemar/Desktop/Projects/intercom/frontend/node_modules/@esbuild/linux-arm
100 silly reify mark deleted [
100 silly reify   '/Users/59slemar/Desktop/Projects/intercom/frontend/node_modules/@esbuild/linux-arm'
100 silly reify ]
101 verbose reify failed optional dependency /Users/59slemar/Desktop/Projects/intercom/frontend/node_modules/@esbuild/freebsd-x64
102 silly reify mark deleted [
102 silly reify   '/Users/59slemar/Desktop/Projects/intercom/frontend/node_modules/@esbuild/freebsd-x64'
102 silly reify ]
103 verbose reify failed optional dependency /Users/59slemar/Desktop/Projects/intercom/frontend/node_modules/@esbuild/freebsd-arm64
104 silly reify mark deleted [
104 silly reify   '/Users/59slemar/Desktop/Projects/intercom/frontend/node_modules/@esbuild/freebsd-arm64'
104 silly reify ]
105 verbose reify failed optional dependency /Users/59slemar/Desktop/Projects/intercom/frontend/node_modules/@esbuild/darwin-x64
106 silly reify mark deleted [
106 silly reify   '/Users/59slemar/Desktop/Projects/intercom/frontend/node_modules/@esbuild/darwin-x64'
106 silly reify ]
107 verbose reify failed optional dependency /Users/59slemar/Desktop/Projects/intercom/frontend/node_modules/@esbuild/android-x64
108 silly reify mark deleted [
108 silly reify   '/Users/59slemar/Desktop/Projects/intercom/frontend/node_modules/@esbuild/android-x64'
108 silly reify ]
109 verbose reify failed optional dependency /Users/59slemar/Desktop/Projects/intercom/frontend/node_modules/@esbuild/android-arm64
110 silly reify mark deleted [
110 silly reify   '/Users/59slemar/Desktop/Projects/intercom/frontend/node_modules/@esbuild/android-arm64'
110 silly reify ]
111 verbose reify failed optional dependency /Users/59slemar/Desktop/Projects/intercom/frontend/node_modules/@esbuild/android-arm
112 silly reify mark deleted [
112 silly reify   '/Users/59slemar/Desktop/Projects/intercom/frontend/node_modules/@esbuild/android-arm'
112 silly reify ]
113 verbose reify failed optional dependency /Users/59slemar/Desktop/Projects/intercom/frontend/node_modules/@esbuild/aix-ppc64
114 silly reify mark deleted [
114 silly reify   '/Users/59slemar/Desktop/Projects/intercom/frontend/node_modules/@esbuild/aix-ppc64'
114 silly reify ]
115 http fetch POST 200 https://registry.npmjs.org/-/npm/v1/security/advisories/bulk 2180ms
116 silly audit report {}
117 silly ADD node_modules/@rollup/rollup-win32-x64-msvc
118 silly ADD node_modules/@rollup/rollup-win32-x64-gnu
119 silly ADD node_modules/@rollup/rollup-win32-ia32-msvc
120 silly ADD node_modules/@rollup/rollup-win32-arm64-msvc
121 silly ADD node_modules/@rollup/rollup-openharmony-arm64
122 silly ADD node_modules/@rollup/rollup-openbsd-x64
123 silly ADD node_modules/@rollup/rollup-linux-x64-musl
124 silly ADD node_modules/@rollup/rollup-linux-x64-gnu
125 silly ADD node_modules/@rollup/rollup-linux-s390x-gnu
126 silly ADD node_modules/@rollup/rollup-linux-riscv64-musl
127 silly ADD node_modules/@rollup/rollup-linux-riscv64-gnu
128 silly ADD node_modules/@rollup/rollup-linux-ppc64-musl
129 silly ADD node_modules/@rollup/rollup-linux-ppc64-gnu
130 silly ADD node_modules/@rollup/rollup-linux-loong64-musl
131 silly ADD node_modules/@rollup/rollup-linux-loong64-gnu
132 silly ADD node_modules/@rollup/rollup-linux-arm64-musl
133 silly ADD node_modules/@rollup/rollup-linux-arm64-gnu
134 silly ADD node_modules/@rollup/rollup-linux-arm-musleabihf
135 silly ADD node_modules/@rollup/rollup-linux-arm-gnueabihf
136 silly ADD node_modules/@rollup/rollup-freebsd-x64
137 silly ADD node_modules/@rollup/rollup-freebsd-arm64
138 silly ADD node_modules/@rollup/rollup-darwin-x64
139 silly ADD node_modules/@rollup/rollup-android-arm64
140 silly ADD node_modules/@rollup/rollup-android-arm-eabi
141 silly ADD node_modules/@esbuild/win32-x64
142 silly ADD node_modules/@esbuild/win32-ia32
143 silly ADD node_modules/@esbuild/win32-arm64
144 silly ADD node_modules/@esbuild/sunos-x64
145 silly ADD node_modules/@esbuild/openharmony-arm64
146 silly ADD node_modules/@esbuild/openbsd-x64
147 silly ADD node_modules/@esbuild/openbsd-arm64
148 silly ADD node_modules/@esbuild/netbsd-x64
149 silly ADD node_modules/@esbuild/netbsd-arm64
150 silly ADD node_modules/@esbuild/linux-x64
151 silly ADD node_modules/@esbuild/linux-s390x
152 silly ADD node_modules/@esbuild/linux-riscv64
153 silly ADD node_modules/@esbuild/linux-ppc64
154 silly ADD node_modules/@esbuild/linux-mips64el
155 silly ADD node_modules/@esbuild/linux-loong64
156 silly ADD node_modules/@esbuild/linux-ia32
157 silly ADD node_modules/@esbuild/linux-arm64
158 silly ADD node_modules/@esbuild/linux-arm
159 silly ADD node_modules/@esbuild/freebsd-x64
160 silly ADD node_modules/@esbuild/freebsd-arm64
161 silly ADD node_modules/@esbuild/darwin-x64
162 silly ADD node_modules/@esbuild/android-x64
163 silly ADD node_modules/@esbuild/android-arm64
164 silly ADD node_modules/@esbuild/android-arm
165 silly ADD node_modules/@esbuild/aix-ppc64
166 verbose cwd /Users/59slemar/Desktop/Projects/intercom/frontend
167 verbose os Darwin 24.6.0
168 verbose node v24.6.0
169 verbose npm  v11.5.1
170 verbose exit 0
171 info ok
